2017-08-08 18:56:52,134 [ERROR] (RDV.java:Rechercher_Unite_Convontion:1333) java.sql.SQLException: Illegal operation on empty result set.
2017-08-08 18:57:14,817 [TRACE] (RDV.java:bAjouterValidationActionPerformed:1574) Debut bAjouterValidationActionPerformed
2017-08-08 18:57:14,817 [DEBUG] (RDV.java:bAjouterValidationActionPerformed:1732) bAjouterValidationActionPerformed Condition 05
2017-08-08 18:57:14,879 [TRACE] (RDV.java:bAjouterValidationActionPerformed:1736) les valeure avant l'ajout 
2017-08-08 18:57:14,879 [DEBUG] (RDV.java:bAjouterValidationActionPerformed:1737) id date depot = 278 / id malade = +0023/17/ id convontion =6 / Etat de validation = Pris / id partenaire = 6 / date de validation = 2017-02-18
2017-08-08 18:57:15,989 [TRACE] (RDV.java:bAjouterValidationActionPerformed:1850) Fin bAjouterValidationActionPerformed
2017-08-08 18:57:46,560 [INFO ] (Login.java:bOkActionPerformed:146) User is Connecter = FAWZI
2017-08-08 18:57:49,248 [TRACE] (Malade.java:Remplir_Combo_Maladie:791) Debut
2017-08-08 18:57:49,295 [TRACE] (Malade.java:Remplir_Combo_Maladie:805) Fin
2017-08-08 18:57:50,905 [DEBUG] (Malade.java:Verification_de_date:706) la date (Date) = 17
2017-08-08 18:57:50,905 [DEBUG] (Malade.java:Verification_de_date:709) la date (String) = 17
2017-08-08 18:57:50,905 [TRACE] (Malade.java:VerifierNbrMalade:678) Debut
2017-08-08 18:57:50,952 [DEBUG] (Malade.java:VerifierNbrMalade:691) le Nbr de malde = '24'
2017-08-08 18:57:50,952 [TRACE] (Malade.java:VerifierNbrMalade:699) Fin
2017-08-08 18:58:07,755 [TRACE] (Malade.java:bAjouterActionPerformed:411) Debut
2017-08-08 18:58:07,755 [TRACE] (Malade.java:Rechercher_id_Maladie:772) Debut
2017-08-08 18:58:07,755 [TRACE] (Malade.java:Rechercher_id_Maladie:786) Fin
2017-08-08 18:58:08,739 [TRACE] (Malade.java:bAjouterActionPerformed:514) Fin
2017-08-08 18:58:56,518 [TRACE] (Malade.java:bCancel2ActionPerformed:532) Fin
2017-08-08 18:58:57,768 [INFO ] (HomeSecretaire.java:bDeconnecterActionPerformed:287) User is Deconnected
